<?xml version="1.0" encoding="UTF-8"?>
<testng-results total="1" passed="1" failed="0" skipped="0">
  <reporter-output>
  </reporter-output>
  <suite started-at="2018-10-30T07:56:47Z" name="Default suite" finished-at="2018-10-30T07:57:03Z" duration-ms="15511">
    <groups>
    </groups>
    <test started-at="2018-10-30T07:56:47Z" name="Default test" finished-at="2018-10-30T07:57:03Z" duration-ms="15511">
      <class name="tests.LoginTests">
        <test-method is-config="true" signature="beforeSuite()[pri:0, instance:tests.LoginTests@5fbe4146]" started-at="2018-10-30T08:56:47Z" name="beforeSuite" finished-at="2018-10-30T08:56:47Z" duration-ms="7" status="PASS">
          <reporter-output>
          </reporter-output>
        </test-method> <!-- beforeSuite -->
        <test-method is-config="true" signature="beforeTest()[pri:0, instance:tests.LoginTests@5fbe4146]" started-at="2018-10-30T08:56:47Z" name="beforeTest" finished-at="2018-10-30T08:56:47Z" duration-ms="0" status="PASS">
          <reporter-output>
          </reporter-output>
        </test-method> <!-- beforeTest -->
        <test-method is-config="true" signature="beforeClass()[pri:0, instance:tests.LoginTests@5fbe4146]" started-at="2018-10-30T08:56:47Z" name="beforeClass" finished-at="2018-10-30T08:56:47Z" duration-ms="0" status="PASS">
          <reporter-output>
          </reporter-output>
        </test-method> <!-- beforeClass -->
        <test-method is-config="true" signature="beforeMethod()[pri:0, instance:tests.LoginTests@5fbe4146]" started-at="2018-10-30T08:56:47Z" name="beforeMethod" finished-at="2018-10-30T08:56:50Z" duration-ms="3169" status="PASS">
          <reporter-output>
          </reporter-output>
        </test-method> <!-- beforeMethod -->
        <test-method signature="SucessfulLogin()[pri:0, instance:tests.LoginTests@5fbe4146]" started-at="2018-10-30T08:56:50Z" name="SucessfulLogin" finished-at="2018-10-30T08:56:59Z" duration-ms="8841" status="PASS">
          <reporter-output>
          </reporter-output>
        </test-method> <!-- SucessfulLogin -->
        <test-method is-config="true" signature="afterMethod(org.testng.ITestResult)[pri:0, instance:tests.LoginTests@5fbe4146]" started-at="2018-10-30T08:56:59Z" name="afterMethod" finished-at="2018-10-30T08:57:03Z" duration-ms="3490" status="PASS">
          <params>
            <param index="0">
              <value>
                <![CDATA[[TestResult name=SucessfulLogin status=SUCCESS method=LoginTests.SucessfulLogin()[pri:0, instance:tests.LoginTests@5fbe4146] output={null}]]]>
              </value>
            </param>
          </params>
          <reporter-output>
          </reporter-output>
        </test-method> <!-- afterMethod -->
        <test-method is-config="true" signature="afterClass()[pri:0, instance:tests.LoginTests@5fbe4146]" started-at="2018-10-30T08:57:03Z" name="afterClass" finished-at="2018-10-30T08:57:03Z" duration-ms="0" status="PASS">
          <reporter-output>
          </reporter-output>
        </test-method> <!-- afterClass -->
        <test-method is-config="true" signature="afterTest()[pri:0, instance:tests.LoginTests@5fbe4146]" started-at="2018-10-30T08:57:03Z" name="afterTest" finished-at="2018-10-30T08:57:03Z" duration-ms="1" status="PASS">
          <reporter-output>
          </reporter-output>
        </test-method> <!-- afterTest -->
        <test-method is-config="true" signature="afterSuite()[pri:0, instance:tests.LoginTests@5fbe4146]" started-at="2018-10-30T08:57:03Z" name="afterSuite" finished-at="2018-10-30T08:57:03Z" duration-ms="0" status="PASS">
          <reporter-output>
          </reporter-output>
        </test-method> <!-- afterSuite -->
      </class> <!-- tests.LoginTests -->
    </test> <!-- Default test -->
  </suite> <!-- Default suite -->
</testng-results>
